2026-05-19T10:43:46.147Z - {"level":"INFO","message":"配置文件 router.router 已修改","data":{},"timestamp":1779187426145}
2026-05-19T10:43:46.149Z - {"level":"INFO","message":"检测到配置文件变更，重启网关...","data":{},"timestamp":1779187426148}
2026-05-19T10:43:46.151Z - {"level":"INFO","message":"Rust 进程退出，代码: null, 信号: SIGINT","data":{},"timestamp":1779187426150}
2026-05-19T10:43:47.153Z - {"level":"INFO","message":"启动 Rust 版本...","data":{},"timestamp":1779187427151}
2026-05-19T10:43:47.383Z - {"level":"INFO","message":"配置文件 router.router 已修改","data":{},"timestamp":1779187427381}
2026-05-19T10:43:47.386Z - {"level":"INFO","message":"检测到配置文件变更，重启网关...","data":{},"timestamp":1779187427385}
2026-05-19T10:43:47.390Z - {"level":"INFO","message":"Rust 进程退出，代码: null, 信号: SIGINT","data":{},"timestamp":1779187427389}
2026-05-19T10:43:48.392Z - {"level":"INFO","message":"启动 Rust 版本...","data":{},"timestamp":1779187428390}
2026-05-19T10:47:51.198Z - {"level":"INFO","message":"配置文件 router.router 已修改","data":{},"timestamp":1779187671191}
2026-05-19T10:47:51.202Z - {"level":"INFO","message":"检测到配置文件变更，重启网关...","data":{},"timestamp":1779187671200}
2026-05-19T10:47:51.206Z - {"level":"INFO","message":"Rust 进程退出，代码: null, 信号: SIGINT","data":{},"timestamp":1779187671205}
2026-05-19T10:47:52.207Z - {"level":"INFO","message":"启动 Rust 版本...","data":{},"timestamp":1779187672204}
2026-05-19T10:47:52.399Z - {"level":"INFO","message":"配置文件 router.router 已修改","data":{},"timestamp":1779187672398}
2026-05-19T10:47:52.404Z - {"level":"INFO","message":"检测到配置文件变更，重启网关...","data":{},"timestamp":1779187672402}
2026-05-19T10:47:52.408Z - {"level":"INFO","message":"Rust 进程退出，代码: null, 信号: SIGINT","data":{},"timestamp":1779187672407}
2026-05-19T10:47:53.408Z - {"level":"INFO","message":"启动 Rust 版本...","data":{},"timestamp":1779187673407}
2026-05-19T10:49:42.779Z - {"level":"INFO","message":"配置文件 router.router 已修改","data":{},"timestamp":1779187782773}
2026-05-19T10:49:42.782Z - {"level":"INFO","message":"检测到配置文件变更，重启网关...","data":{},"timestamp":1779187782781}
2026-05-19T10:49:42.785Z - {"level":"INFO","message":"Rust 进程退出，代码: null, 信号: SIGINT","data":{},"timestamp":1779187782785}
2026-05-19T10:49:43.786Z - {"level":"INFO","message":"启动 Rust 版本...","data":{},"timestamp":1779187783785}
2026-05-19T10:49:43.867Z - {"level":"INFO","message":"配置文件 router.router 已修改","data":{},"timestamp":1779187783865}
2026-05-19T10:49:43.870Z - {"level":"INFO","message":"检测到配置文件变更，重启网关...","data":{},"timestamp":1779187783869}
2026-05-19T10:49:43.873Z - {"level":"INFO","message":"Rust 进程退出，代码: null, 信号: SIGINT","data":{},"timestamp":1779187783873}
2026-05-19T10:49:44.874Z - {"level":"INFO","message":"启动 Rust 版本...","data":{},"timestamp":1779187784873}
2026-05-19T10:50:01.144Z - {"level":"INFO","message":"配置文件 router.router 已修改","data":{},"timestamp":1779187801143}
2026-05-19T10:50:01.150Z - {"level":"INFO","message":"检测到配置文件变更，重启网关...","data":{},"timestamp":1779187801149}
2026-05-19T10:50:01.154Z - {"level":"INFO","message":"Rust 进程退出，代码: null, 信号: SIGINT","data":{},"timestamp":1779187801153}
2026-05-19T10:50:02.155Z - {"level":"INFO","message":"启动 Rust 版本...","data":{},"timestamp":1779187802154}
2026-05-19T10:50:50.111Z - {"level":"INFO","message":"配置文件 router.router 已修改","data":{},"timestamp":1779187850106}
2026-05-19T10:50:50.114Z - {"level":"INFO","message":"检测到配置文件变更，重启网关...","data":{},"timestamp":1779187850112}
2026-05-19T10:50:50.118Z - {"level":"INFO","message":"Rust 进程退出，代码: null, 信号: SIGINT","data":{},"timestamp":1779187850117}
2026-05-19T10:50:51.119Z - {"level":"INFO","message":"启动 Rust 版本...","data":{},"timestamp":1779187851117}
2026-05-19T10:50:51.216Z - {"level":"INFO","message":"配置文件 router.router 已修改","data":{},"timestamp":1779187851215}
2026-05-19T10:50:51.220Z - {"level":"INFO","message":"检测到配置文件变更，重启网关...","data":{},"timestamp":1779187851218}
2026-05-19T10:50:51.224Z - {"level":"INFO","message":"Rust 进程退出，代码: null, 信号: SIGINT","data":{},"timestamp":1779187851223}
2026-05-19T10:50:52.225Z - {"level":"INFO","message":"启动 Rust 版本...","data":{},"timestamp":1779187852223}
2026-05-19T11:34:57.624Z - {"level":"INFO","message":"配置文件 router.router 已修改","data":{},"timestamp":1779190497622}
2026-05-19T11:34:57.627Z - {"level":"INFO","message":"检测到配置文件变更，重启网关...","data":{},"timestamp":1779190497626}
2026-05-19T11:34:57.628Z - {"level":"INFO","message":"Rust 进程退出，代码: null, 信号: SIGINT","data":{},"timestamp":1779190497628}
2026-05-19T11:34:58.631Z - {"level":"INFO","message":"启动 Rust 版本...","data":{},"timestamp":1779190498629}
2026-05-19T11:39:06.140Z - {"level":"INFO","message":"配置文件 router.router 已修改","data":{},"timestamp":1779190746137}
2026-05-19T11:39:06.143Z - {"level":"INFO","message":"检测到配置文件变更，重启网关...","data":{},"timestamp":1779190746142}
2026-05-19T11:39:06.145Z - {"level":"INFO","message":"Rust 进程退出，代码: null, 信号: SIGINT","data":{},"timestamp":1779190746145}
2026-05-19T11:39:07.147Z - {"level":"INFO","message":"启动 Rust 版本...","data":{},"timestamp":1779190747145}
2026-05-19T11:39:08.046Z - {"level":"INFO","message":"配置文件 router.router 已修改","data":{},"timestamp":1779190748045}
2026-05-19T11:39:08.050Z - {"level":"INFO","message":"检测到配置文件变更，重启网关...","data":{},"timestamp":1779190748049}
2026-05-19T11:39:08.053Z - {"level":"INFO","message":"Rust 进程退出，代码: null, 信号: SIGINT","data":{},"timestamp":1779190748053}
2026-05-19T11:39:08.847Z - {"level":"INFO","message":"配置文件 router.router 已修改","data":{},"timestamp":1779190748845}
2026-05-19T11:39:08.851Z - {"level":"INFO","message":"检测到配置文件变更，重启网关...","data":{},"timestamp":1779190748850}
2026-05-19T11:39:09.054Z - {"level":"INFO","message":"启动 Rust 版本...","data":{},"timestamp":1779190749053}
2026-05-19T11:39:09.855Z - {"level":"INFO","message":"启动 Rust 版本...","data":{},"timestamp":1779190749854}
2026-05-19T11:39:09.868Z - {"level":"INFO","message":"Rust 进程退出，代码: 101, 信号: null","data":{},"timestamp":1779190749867}
2026-05-19T11:39:09.870Z - {"level":"INFO","message":"尝试重启 Rust 进程 (1/3)","data":{},"timestamp":1779190749868}
2026-05-19T11:39:11.871Z - {"level":"INFO","message":"启动 Rust 版本...","data":{},"timestamp":1779190751869}
2026-05-19T11:39:11.884Z - {"level":"INFO","message":"Rust 进程退出，代码: 101, 信号: null","data":{},"timestamp":1779190751883}
2026-05-19T11:39:11.884Z - {"level":"INFO","message":"尝试重启 Rust 进程 (2/3)","data":{},"timestamp":1779190751883}
2026-05-19T11:39:13.886Z - {"level":"INFO","message":"启动 Rust 版本...","data":{},"timestamp":1779190753885}
2026-05-19T11:39:13.899Z - {"level":"INFO","message":"Rust 进程退出，代码: 101, 信号: null","data":{},"timestamp":1779190753898}
2026-05-19T11:39:13.900Z - {"level":"INFO","message":"尝试重启 Rust 进程 (3/3)","data":{},"timestamp":1779190753899}
2026-05-19T11:39:15.636Z - {"level":"INFO","message":"配置文件 router.router 已修改","data":{},"timestamp":1779190755635}
2026-05-19T11:39:15.642Z - {"level":"INFO","message":"检测到配置文件变更，重启网关...","data":{},"timestamp":1779190755638}
2026-05-19T11:39:15.901Z - {"level":"INFO","message":"启动 Rust 版本...","data":{},"timestamp":1779190755900}
2026-05-19T11:39:15.914Z - {"level":"INFO","message":"Rust 进程退出，代码: 101, 信号: null","data":{},"timestamp":1779190755913}
2026-05-19T11:39:15.915Z - {"level":"INFO","message":"尝试重启 Rust 进程 (1/3)","data":{},"timestamp":1779190755913}
2026-05-19T11:39:16.647Z - {"level":"INFO","message":"启动 Rust 版本...","data":{},"timestamp":1779190756645}
2026-05-19T11:39:16.659Z - {"level":"INFO","message":"Rust 进程退出，代码: 101, 信号: null","data":{},"timestamp":1779190756658}
2026-05-19T11:39:16.660Z - {"level":"INFO","message":"尝试重启 Rust 进程 (2/3)","data":{},"timestamp":1779190756658}
2026-05-19T11:39:17.917Z - {"level":"INFO","message":"启动 Rust 版本...","data":{},"timestamp":1779190757915}
2026-05-19T11:39:17.927Z - {"level":"INFO","message":"Rust 进程退出，代码: 101, 信号: null","data":{},"timestamp":1779190757926}
2026-05-19T11:39:17.928Z - {"level":"INFO","message":"尝试重启 Rust 进程 (3/3)","data":{},"timestamp":1779190757927}
2026-05-19T11:39:18.661Z - {"level":"INFO","message":"启动 Rust 版本...","data":{},"timestamp":1779190758660}
2026-05-19T11:39:18.674Z - {"level":"INFO","message":"Rust 进程退出，代码: 101, 信号: null","data":{},"timestamp":1779190758673}
2026-05-19T11:39:18.675Z - {"level":"ERROR","message":"Rust 进程多次重启失败，将降级到 JS 版本","data":{},"timestamp":1779190758674}
2026-05-19T11:39:18.676Z - {"level":"INFO","message":"启动 JS 降级版本...","data":{},"timestamp":1779190758674}
2026-05-19T11:39:19.929Z - {"level":"INFO","message":"启动 Rust 版本...","data":{},"timestamp":1779190759927}
2026-05-19T11:39:19.942Z - {"level":"INFO","message":"Rust 进程退出，代码: 101, 信号: null","data":{},"timestamp":1779190759941}
2026-05-19T11:39:19.942Z - {"level":"INFO","message":"尝试重启 Rust 进程 (1/3)","data":{},"timestamp":1779190759941}
2026-05-19T11:39:21.944Z - {"level":"INFO","message":"启动 Rust 版本...","data":{},"timestamp":1779190761943}
2026-05-19T11:39:21.957Z - {"level":"INFO","message":"Rust 进程退出，代码: 101, 信号: null","data":{},"timestamp":1779190761956}
2026-05-19T11:39:21.958Z - {"level":"INFO","message":"尝试重启 Rust 进程 (2/3)","data":{},"timestamp":1779190761956}
2026-05-19T11:39:23.961Z - {"level":"INFO","message":"启动 Rust 版本...","data":{},"timestamp":1779190763958}
2026-05-19T11:39:23.974Z - {"level":"INFO","message":"Rust 进程退出，代码: 101, 信号: null","data":{},"timestamp":1779190763973}
2026-05-19T11:39:23.975Z - {"level":"INFO","message":"尝试重启 Rust 进程 (3/3)","data":{},"timestamp":1779190763973}
2026-05-19T11:39:25.976Z - {"level":"INFO","message":"启动 Rust 版本...","data":{},"timestamp":1779190765975}
2026-05-19T11:39:25.987Z - {"level":"INFO","message":"Rust 进程退出，代码: 101, 信号: null","data":{},"timestamp":1779190765986}
2026-05-19T11:39:25.987Z - {"level":"ERROR","message":"Rust 进程多次重启失败，将降级到 JS 版本","data":{},"timestamp":1779190765986}
2026-05-19T11:39:25.988Z - {"level":"INFO","message":"启动 JS 降级版本...","data":{},"timestamp":1779190765986}
2026-05-19T11:39:26.039Z - {"level":"INFO","message":"JS 进程退出，代码: 1","data":{},"timestamp":1779190766039}
2026-05-19T11:43:28.204Z - {"level":"INFO","message":"配置文件 router.router 已修改","data":{},"timestamp":1779191008203}
2026-05-19T11:43:28.206Z - {"level":"INFO","message":"检测到配置文件变更，重启网关...","data":{},"timestamp":1779191008205}
2026-05-19T11:43:28.208Z - {"level":"INFO","message":"Rust 进程退出，代码: null, 信号: SIGINT","data":{},"timestamp":1779191008207}
2026-05-19T11:43:29.210Z - {"level":"INFO","message":"启动 Rust 版本...","data":{},"timestamp":1779191009208}
2026-05-19T11:43:34.253Z - {"level":"INFO","message":"配置文件 router.router 已修改","data":{},"timestamp":1779191014251}
2026-05-19T11:43:34.257Z - {"level":"INFO","message":"检测到配置文件变更，重启网关...","data":{},"timestamp":1779191014255}
2026-05-19T11:43:34.261Z - {"level":"INFO","message":"Rust 进程退出，代码: null, 信号: SIGINT","data":{},"timestamp":1779191014260}
2026-05-19T11:43:35.262Z - {"level":"INFO","message":"启动 Rust 版本...","data":{},"timestamp":1779191015260}
2026-05-19T11:44:19.710Z - {"level":"INFO","message":"配置文件 router.router 已修改","data":{},"timestamp":1779191059709}
2026-05-19T11:44:19.712Z - {"level":"INFO","message":"检测到配置文件变更，重启网关...","data":{},"timestamp":1779191059711}
2026-05-19T11:44:19.716Z - {"level":"INFO","message":"Rust 进程退出，代码: null, 信号: SIGINT","data":{},"timestamp":1779191059716}
2026-05-19T11:44:20.717Z - {"level":"INFO","message":"启动 Rust 版本...","data":{},"timestamp":1779191060716}
2026-05-19T11:56:00.109Z - {"level":"INFO","message":"配置文件 router.router 已修改","data":{},"timestamp":1779191760108}
2026-05-19T11:56:00.110Z - {"level":"INFO","message":"检测到配置文件变更，重启网关...","data":{},"timestamp":1779191760110}
2026-05-19T11:56:00.112Z - {"level":"INFO","message":"Rust 进程退出，代码: null, 信号: SIGINT","data":{},"timestamp":1779191760112}
2026-05-19T11:56:00.546Z - {"level":"INFO","message":"配置文件 router.router 已修改","data":{},"timestamp":1779191760545}
2026-05-19T11:56:00.550Z - {"level":"INFO","message":"检测到配置文件变更，重启网关...","data":{},"timestamp":1779191760550}
2026-05-19T11:56:01.113Z - {"level":"INFO","message":"启动 Rust 版本...","data":{},"timestamp":1779191761112}
2026-05-19T11:56:01.554Z - {"level":"INFO","message":"启动 Rust 版本...","data":{},"timestamp":1779191761552}
2026-05-19T11:56:01.568Z - {"level":"INFO","message":"Rust 进程退出，代码: 101, 信号: null","data":{},"timestamp":1779191761567}
2026-05-19T11:56:01.570Z - {"level":"INFO","message":"尝试重启 Rust 进程 (1/3)","data":{},"timestamp":1779191761567}
2026-05-19T11:56:03.571Z - {"level":"INFO","message":"启动 Rust 版本...","data":{},"timestamp":1779191763569}
2026-05-19T11:56:03.584Z - {"level":"INFO","message":"Rust 进程退出，代码: 101, 信号: null","data":{},"timestamp":1779191763582}
2026-05-19T11:56:03.585Z - {"level":"INFO","message":"尝试重启 Rust 进程 (2/3)","data":{},"timestamp":1779191763583}
2026-05-19T11:56:05.586Z - {"level":"INFO","message":"启动 Rust 版本...","data":{},"timestamp":1779191765584}
2026-05-19T11:56:05.599Z - {"level":"INFO","message":"Rust 进程退出，代码: 101, 信号: null","data":{},"timestamp":1779191765597}
2026-05-19T11:56:05.600Z - {"level":"INFO","message":"尝试重启 Rust 进程 (3/3)","data":{},"timestamp":1779191765598}
2026-05-19T11:56:07.600Z - {"level":"INFO","message":"启动 Rust 版本...","data":{},"timestamp":1779191767599}
2026-05-19T11:56:07.611Z - {"level":"INFO","message":"Rust 进程退出，代码: 101, 信号: null","data":{},"timestamp":1779191767610}
2026-05-19T11:56:07.612Z - {"level":"ERROR","message":"Rust 进程多次重启失败，将降级到 JS 版本","data":{},"timestamp":1779191767611}
2026-05-19T11:56:07.613Z - {"level":"INFO","message":"启动 JS 降级版本...","data":{},"timestamp":1779191767611}
2026-05-19T11:56:20.343Z - {"level":"INFO","message":"配置文件 router.router 已修改","data":{},"timestamp":1779191780341}
2026-05-19T11:56:20.349Z - {"level":"INFO","message":"检测到配置文件变更，重启网关...","data":{},"timestamp":1779191780347}
2026-05-19T11:56:20.355Z - {"level":"INFO","message":"JS 进程退出，代码: null","data":{},"timestamp":1779191780354}
2026-05-19T12:27:11.685Z - {"level":"INFO","message":"配置文件 router.router 已修改","data":{},"timestamp":1779193631683}
2026-05-19T12:27:11.688Z - {"level":"INFO","message":"检测到配置文件变更，重启网关...","data":{},"timestamp":1779193631688}
2026-05-19T12:27:11.691Z - {"level":"INFO","message":"Rust 进程退出，代码: null, 信号: SIGINT","data":{},"timestamp":1779193631690}
2026-05-19T12:27:12.693Z - {"level":"INFO","message":"启动 Rust 版本...","data":{},"timestamp":1779193632691}
2026-05-19T12:27:13.107Z - {"level":"INFO","message":"配置文件 router.router 已修改","data":{},"timestamp":1779193633105}
2026-05-19T12:27:13.110Z - {"level":"INFO","message":"检测到配置文件变更，重启网关...","data":{},"timestamp":1779193633109}
2026-05-19T12:27:13.114Z - {"level":"INFO","message":"Rust 进程退出，代码: null, 信号: SIGINT","data":{},"timestamp":1779193633113}
2026-05-19T12:27:14.115Z - {"level":"INFO","message":"启动 Rust 版本...","data":{},"timestamp":1779193634114}
2026-05-19T12:28:18.299Z - {"level":"INFO","message":"配置文件 router.router 已修改","data":{},"timestamp":1779193698298}
2026-05-19T12:28:18.301Z - {"level":"INFO","message":"检测到配置文件变更，重启网关...","data":{},"timestamp":1779193698300}
2026-05-19T12:28:18.303Z - {"level":"INFO","message":"Rust 进程退出，代码: null, 信号: SIGINT","data":{},"timestamp":1779193698303}
2026-05-19T12:28:19.305Z - {"level":"INFO","message":"启动 Rust 版本...","data":{},"timestamp":1779193699303}
2026-05-19T12:28:21.690Z - {"level":"INFO","message":"配置文件 router.router 已修改","data":{},"timestamp":1779193701688}
2026-05-19T12:28:21.693Z - {"level":"INFO","message":"检测到配置文件变更，重启网关...","data":{},"timestamp":1779193701692}
2026-05-19T12:28:21.696Z - {"level":"INFO","message":"Rust 进程退出，代码: null, 信号: SIGINT","data":{},"timestamp":1779193701695}
2026-05-19T12:28:22.698Z - {"level":"INFO","message":"启动 Rust 版本...","data":{},"timestamp":1779193702696}
